#
# A fatal error has been detected by the Java Runtime Environment:
#
#  SIGBUS (0xa) at pc=0x0000000101c99a78, pid=11585, tid=17923
#
# JRE version: OpenJDK Runtime Environment (10.0.2+13) (build 10.0.2+13)
# Java VM: OpenJDK 64-Bit Server VM (10.0.2+13, mixed mode, tiered, compressed oops, g1 gc, bsd-amd64)
# Problematic frame:
# V  [libjvm.dylib+0x281a78]  ConstantPool::impl_name_and_type_ref_index_at(int, bool)+0x1c
#
# No core dump will be written. Core dumps have been disabled. To enable core dumping, try "ulimit -c unlimited" before starting Java again
#
# If you would like to submit a bug report, please visit:
#   http://bugreport.java.com/bugreport/crash.jsp
#

---------------  S U M M A R Y ------------

Command Line: -agentlib:jdwp=transport=dt_socket,address=127.0.0.1:52238,suspend=y,server=n -javaagent:/Users/user/Library/Caches/IdeaIC2018.2/captureAgent/debugger-agent.jar=file:/private/var/folders/pm/jybzkjn9291_cy84ywn9hphr0000gn/T/capture.props -Dfile.encoding=UTF-8 Ans

Host: MacBookPro11,1 x86_64 2600 MHz, 4 cores, 8G, Darwin 18.7.0
Time: Tue Sep 17 18:04:44 2019 PDT elapsed time: 107 seconds (0d 0h 1m 47s)

---------------  T H R E A D  ---------------

Current thread (0x00007fee29802000):  VMThread "VM Thread" [stack: 0x00007000074ea000,0x00007000075ea000] [id=17923]

Stack: [0x00007000074ea000,0x00007000075ea000],  sp=0x00007000075e91d0,  free space=1020k
Native frames: (J=compiled Java code, A=aot compiled Java code, j=interpreted, Vv=VM code, C=native code)
V  [libjvm.dylib+0x281a78]  ConstantPool::impl_name_and_type_ref_index_at(int, bool)+0x1c
V  [libjvm.dylib+0x281acd]  ConstantPool::impl_signature_ref_at(int, bool)+0x11
V  [libjvm.dylib+0x372e08]  GenerateOopMap::do_method(int, int, int, int)+0x40
V  [libjvm.dylib+0x37179b]  GenerateOopMap::interp_bb(BasicBlock*)+0x105
V  [libjvm.dylib+0x3714b1]  GenerateOopMap::interp_all()+0x53
V  [libjvm.dylib+0x371197]  GenerateOopMap::do_interpretation()+0x4b
V  [libjvm.dylib+0x373661]  GenerateOopMap::compute_map(Thread*)+0x16b
V  [libjvm.dylib+0x5e6ce8]  OopMapForCacheEntry::compute_map(Thread*)+0x60
V  [libjvm.dylib+0x5e75d4]  OopMapCacheEntry::fill(methodHandle const&, int)+0xac
V  [libjvm.dylib+0x5e7f9c]  OopMapCache::compute_one_oop_map(methodHandle const&, int, InterpreterOopMap*)+0x11a
V  [libjvm.dylib+0x5b05b1]  Method::mask_for(int, InterpreterOopMap*)+0x7f
V  [libjvm.dylib+0x49ecc9]  VM_GetOrSetLocal::doit()+0x47
V  [libjvm.dylib+0x7594d9]  VM_Operation::evaluate()+0xf1
V  [libjvm.dylib+0x758aa2]  VMThread::evaluate_operation(VM_Operation*)+0x184
V  [libjvm.dylib+0x7586a6]  VMThread::loop()+0x340
V  [libjvm.dylib+0x758279]  VMThread::run()+0x75
V  [libjvm.dylib+0x5eef5f]  thread_native_entry(Thread*)+0x12b
C  [libsystem_pthread.dylib+0x32eb]  _pthread_body+0x7e
C  [libsystem_pthread.dylib+0x6249]  _pthread_start+0x42
C  [libsystem_pthread.dylib+0x240d]  thread_start+0xd


siginfo: si_signo: 10 (SIGBUS), si_code: 2 (BUS_ADRERR), si_addr: 0x000000012334b000

Register to memory mapping:

RAX=0x00000001231b6d78 is pointing into metadata
RBX=0x00000001231b6188 is pointing into metadata
RCX=0x0000000000194260 is an unknown value
RDX=0x0000000000000000 is an unknown value
RSP=0x00007000075e91d0 is an unknown value
RBP=0x00007000075e91d0 is an unknown value
RSI=0x000000000000ca13 is an unknown value
RDI=0x00000001231b6188 is pointing into metadata
R8 =0x000000000000015a is an unknown value
R9 =0x0000000000000016 is an unknown value
R10=0x00007fee2963d734 is an unknown value
R11=0x00007fee2a8de200 is an unknown value
R12=0x00007000075e9690 is an unknown value
R13=0x00007000075e9848 is an unknown value
R14=0x0000000000000000 is an unknown value
R15=0x000000000000015a is an unknown value


Registers:
RAX=0x00000001231b6d78, RBX=0x00000001231b6188, RCX=0x0000000000194260, RDX=0x0000000000000000
RSP=0x00007000075e91d0, RBP=0x00007000075e91d0, RSI=0x000000000000ca13, RDI=0x00000001231b6188
R8 =0x000000000000015a, R9 =0x0000000000000016, R10=0x00007fee2963d734, R11=0x00007fee2a8de200
R12=0x00007000075e9690, R13=0x00007000075e9848, R14=0x0000000000000000, R15=0x000000000000015a
RIP=0x0000000101c99a78, EFLAGS=0x0000000000010206, ERR=0x0000000000000004
  TRAPNO=0x000000000000000e

Top of Stack: (sp=0x00007000075e91d0)
0x00007000075e91d0:   00007000075e91f0 0000000101c99acd
0x00007000075e91e0:   00000001231b68c0 00007000075e9848
0x00007000075e91f0:   00007000075e9680 0000000101d8ae08
0x00007000075e9200:   000000010231cdc0 000000010fb81010
0x00007000075e9210:   0000000000000004 000070000000000a
0x00007000075e9220:   00007000075e9230 0000000000000002
0x00007000075e9230:   2fffffff2fffffff 000000002fffffff
0x00007000075e9240:   2fffffff4fffffff 00000001021deef2
0x00007000075e9250:   0000000000000001 0000000000000000
0x00007000075e9260:   0000000000000000 0000000000000000
0x00007000075e9270:   0000000000000000 0000000000000002
0x00007000075e9280:   00007000075e92b0 000000010209f27d
0x00007000075e9290:   0000000000000002 00007000075e92f0
0x00007000075e92a0:   0000000000000001 0000000000000000
0x00007000075e92b0:   0000000000000000 00007000075e9658
0x00007000075e92c0:   00007000075e92d0 0000000000000000
0x00007000075e92d0:   00000001021def09 0000000000000008
0x00007000075e92e0:   00007000075e948f 0000000000000001
0x00007000075e92f0:   000000010231cdc0 000000010fb804d0
0x00007000075e9300:   0000000000000002 000000000000000a
0x00007000075e9310:   00007000075e9320 0000000000000001
0x00007000075e9320:   2fffffff4fffffff 0000000000000000
0x00007000075e9330:   0000000000000000 0000000000000000
0x00007000075e9340:   0000000000000000 0000000000000000
0x00007000075e9350:   0000000000000000 0000000000000000
0x00007000075e9360:   0000000000000000 0000000000000000
0x00007000075e9370:   0000000000000000 0000000000000000
0x00007000075e9380:   0000000000000000 00007000075e9930
0x00007000075e9390:   00007000075e9938 0000000000000021
0x00007000075e93a0:   ffffffffffffffff 0000000300000000
0x00007000075e93b0:   00007000075e948f 00007fffac6f76b8
0x00007000075e93c0:   00007000075e9410 00007fff75ef012e 

Instructions: (pc=0x0000000101c99a78)
0x0000000101c99a58:   c7 40 5d c3 55 48 89 e5 84 d2 75 1e 48 8b 47 10
0x0000000101c99a68:   48 85 c0 74 15 85 f6 78 30 48 63 ce 48 c1 e1 05
0x0000000101c99a78:   48 8b 44 08 28 0f b7 f0 eb 11 48 8b 4f 08 48 63
0x0000000101c99a88:   c6 0f b6 4c 01 04 83 f9 12 74 03 48 63 c6 48 8d 

VM_Operation (0x0000700007e019d8): GetOrSetLocal, mode: safepoint, requested by thread 0x00007fee2b08e800


---------------  P R O C E S S  ---------------

Threads class SMR info:
_java_thread_list=0x00007fee2973a6e0, length=13, elements={
0x00007fee2a007800, 0x00007fee2a094800, 0x00007fee29805000, 0x00007fee2a818000,
0x00007fee2a819000, 0x00007fee2988f000, 0x00007fee2b00f000, 0x00007fee2b010000,
0x00007fee2b08e800, 0x00007fee2b08d800, 0x00007fee2b091800, 0x00007fee2b094000,
0x00007fee2a8a9000
}

Java Threads: ( => current thread )
  0x00007fee2a007800 JavaThread "main" [_thread_blocked, id=6147, stack(0x00007000068c6000,0x00007000069c6000)]
  0x00007fee2a094800 JavaThread "Reference Handler" daemon [_thread_blocked, id=14595, stack(0x00007000075ed000,0x00007000076ed000)]
  0x00007fee29805000 JavaThread "Finalizer" daemon [_thread_blocked, id=17155, stack(0x00007000076f0000,0x00007000077f0000)]
  0x00007fee2a818000 JavaThread "Signal Dispatcher" daemon [_thread_blocked, id=43011, stack(0x00007000077f3000,0x00007000078f3000)]
  0x00007fee2a819000 JavaThread "C2 CompilerThread0" daemon [_thread_blocked, id=42499, stack(0x00007000078f6000,0x00007000079f6000)]
  0x00007fee2988f000 JavaThread "C2 CompilerThread1" daemon [_thread_blocked, id=22531, stack(0x00007000079f9000,0x0000700007af9000)]
  0x00007fee2b00f000 JavaThread "C1 CompilerThread2" daemon [_thread_blocked, id=23043, stack(0x0000700007afc000,0x0000700007bfc000)]
  0x00007fee2b010000 JavaThread "Sweeper thread" daemon [_thread_blocked, id=23811, stack(0x0000700007bff000,0x0000700007cff000)]
  0x00007fee2b08e800 JavaThread "JDWP Transport Listener: dt_socket" daemon [_thread_blocked, id=24067, stack(0x0000700007d02000,0x0000700007e02000)] _threads_hazard_ptr=0x00007fee2973a6e0
  0x00007fee2b08d800 JavaThread "JDWP Event Helper Thread" daemon [_thread_blocked, id=40963, stack(0x0000700007e05000,0x0000700007f05000)]
  0x00007fee2b091800 JavaThread "JDWP Command Reader" daemon [_thread_in_native, id=24835, stack(0x0000700007f08000,0x0000700008008000)]
  0x00007fee2b094000 JavaThread "Common-Cleaner" daemon [_thread_blocked, id=25603, stack(0x000070000800b000,0x000070000810b000)]
  0x00007fee2a8a9000 JavaThread "Service Thread" daemon [_thread_blocked, id=26115, stack(0x000070000810e000,0x000070000820e000)]

Other Threads:
=>0x00007fee29802000 VMThread "VM Thread" [stack: 0x00007000074ea000,0x00007000075ea000] [id=17923]
  0x00007fee2a81b000 WatcherThread [stack: 0x0000700008211000,0x0000700008311000] [id=26371]
  0x00007fee2a00b800 GCTaskThread "GC Thread#0" [stack: 0x00007000069c9000,0x0000700006ac9000] [id=11267]
  0x00007fee29807000 GCTaskThread "GC Thread#1" [stack: 0x0000700006acc000,0x0000700006bcc000] [id=20995]
  0x00007fee2a00c000 GCTaskThread "GC Thread#2" [stack: 0x0000700006bcf000,0x0000700006ccf000] [id=20483]
  0x00007fee2a00c800 GCTaskThread "GC Thread#3" [stack: 0x0000700006cd2000,0x0000700006dd2000] [id=20227]
  0x00007fee2981f800 ConcurrentGCThread "G1 Main Marker" [stack: 0x0000700006dd5000,0x0000700006ed5000] [id=19715]
  0x00007fee2a00d800 ConcurrentGCThread "G1 Conc#0" [stack: 0x0000700006ed8000,0x0000700006fd8000] [id=12291]
  0x00007fee2a04e000 ConcurrentGCThread "G1 Refine#0" [stack: 0x0000700006fdb000,0x00007000070db000] [id=12547]
  0x00007fee2a04e800 ConcurrentGCThread "G1 Refine#1" [stack: 0x00007000070de000,0x00007000071de000] [id=12803]
  0x00007fee2a04f800 ConcurrentGCThread "G1 Refine#2" [stack: 0x00007000071e1000,0x00007000072e1000] [id=18691]
  0x00007fee2a050000 ConcurrentGCThread "G1 Refine#3" [stack: 0x00007000072e4000,0x00007000073e4000] [id=13315]
  0x00007fee2a051000 ConcurrentGCThread "G1 Young RemSet Sampling" [stack: 0x00007000073e7000,0x00007000074e7000] [id=13827]

Threads with active compile tasks:

VM state:at safepoint (normal execution)

VM Mutex/Monitor currently owned by a thread:  ([mutex/lock_event])
[0x00007fee29710470] Threads_lock - owner thread: 0x00007fee29802000

Heap address: 0x0000000740000000, size: 2048 MB, Compressed Oops mode: Zero based, Oop shift amount: 3
Narrow klass base: 0x0000000000000000, Narrow klass shift: 3
Compressed class space size: 1073741824 Address: 0x00000007c0000000

Heap:
 garbage-first heap   total 131072K, used 3072K [0x0000000740000000, 0x00000007c0000000)
  region size 1024K, 4 young (4096K), 0 survivors (0K)
 Metaspace       used 6043K, capacity 6168K, committed 6272K, reserved 1056768K
  class space    used 488K, capacity 544K, committed 640K, reserved 1048576K
Heap Regions: E=young(eden), S=young(survivor), O=old, HS=humongous(starts), HC=humongous(continues), CS=collection set, F=free, A=archive, TS=gc time stamp, AC=allocation context, TAMS=top-at-mark-start (previous, next)
|   0|0x0000000740000000, 0x0000000740000000, 0x0000000740100000|  0%| F|  |TS  0|AC  0|TAMS 0x0000000740000000, 0x0000000740000000|
|   1|0x0000000740100000, 0x0000000740100000, 0x0000000740200000|  0%| F|  |TS  0|AC  0|TAMS 0x0000000740100000, 0x0000000740100000|
|   2|0x0000000740200000, 0x0000000740200000, 0x0000000740300000|  0%| F|  |TS  0|AC  0|TAMS 0x0000000740200000, 0x0000000740200000|
|   3|0x0000000740300000, 0x0000000740300000, 0x0000000740400000|  0%| F|  |TS  0|AC  0|TAMS 0x0000000740300000, 0x0000000740300000|
|   4|0x0000000740400000, 0x0000000740400000, 0x0000000740500000|  0%| F|  |TS  0|AC  0|TAMS 0x0000000740400000, 0x0000000740400000|
|   5|0x0000000740500000, 0x0000000740500000, 0x0000000740600000|  0%| F|  |TS  0|AC  0|TAMS 0x0000000740500000, 0x0000000740500000|
|   6|0x0000000740600000, 0x0000000740600000, 0x0000000740700000|  0%| F|  |TS  0|AC  0|TAMS 0x0000000740600000, 0x0000000740600000|
|   7|0x0000000740700000, 0x0000000740700000, 0x0000000740800000|  0%| F|  |TS  0|AC  0|TAMS 0x0000000740700000, 0x0000000740700000|
|   8|0x0000000740800000, 0x0000000740800000, 0x0000000740900000|  0%| F|  |TS  0|AC  0|TAMS 0x0000000740800000, 0x0000000740800000|
|   9|0x0000000740900000, 0x0000000740900000, 0x0000000740a00000|  0%| F|  |TS  0|AC  0|TAMS 0x0000000740900000, 0x0000000740900000|
|  10|0x0000000740a00000, 0x0000000740a00000, 0x0000000740b00000|  0%| F|  |TS  0|AC  0|TAMS 0x0000000740a00000, 0x0000000740a00000|
|  11|0x0000000740b00000, 0x0000000740b00000, 0x0000000740c00000|  0%| F|  |TS  0|AC  0|TAMS 0x0000000740b00000, 0x0000000740b00000|
|  12|0x0000000740c00000, 0x0000000740c00000, 0x0000000740d00000|  0%| F|  |TS  0|AC  0|TAMS 0x0000000740c00000, 0x0000000740c00000|
|  13|0x0000000740d00000, 0x0000000740d00000, 0x0000000740e00000|  0%| F|  |TS  0|AC  0|TAMS 0x0000000740d00000, 0x0000000740d00000|
|  14|0x0000000740e00000, 0x0000000740e00000, 0x0000000740f00000|  0%| F|  |TS  0|AC  0|TAMS 0x0000000740e00000, 0x0000000740e00000|
|  15|0x0000000740f00000, 0x0000000740f00000, 0x0000000741000000|  0%| F|  |TS  0|AC  0|TAMS 0x0000000740f00000, 0x0000000740f00000|
|  16|0x0000000741000000, 0x0000000741000000, 0x0000000741100000|  0%| F|  |TS  0|AC  0|TAMS 0x0000000741000000, 0x0000000741000000|
|  17|0x0000000741100000, 0x0000000741100000, 0x0000000741200000|  0%| F|  |TS  0|AC  0|TAMS 0x0000000741100000, 0x0000000741100000|
|  18|0x0000000741200000, 0x0000000741200000, 0x0000000741300000|  0%| F|  |TS  0|AC  0|TAMS 0x0000000741200000, 0x0000000741200000|
|  19|0x0000000741300000, 0x0000000741300000, 0x0000000741400000|  0%| F|  |TS  0|AC  0|TAMS 0x0000000741300000, 0x0000000741300000|
|  20|0x0000000741400000, 0x0000000741400000, 0x0000000741500000|  0%| F|  |TS  0|AC  0|TAMS 0x0000000741400000, 0x0000000741400000|
|  21|0x0000000741500000, 0x0000000741500000, 0x0000000741600000|  0%| F|  |TS  0|AC  0|TAMS 0x0000000741500000, 0x0000000741500000|
|  22|0x0000000741600000, 0x0000000741600000, 0x0000000741700000|  0%| F|  |TS  0|AC  0|TAMS 0x0000000741600000, 0x0000000741600000|
|  23|0x0000000741700000, 0x0000000741700000, 0x0000000741800000|  0%| F|  |TS  0|AC  0|TAMS 0x0000000741700000, 0x0000000741700000|
|  24|0x0000000741800000, 0x0000000741800000, 0x0000000741900000|  0%| F|  |TS  0|AC  0|TAMS 0x0000000741800000, 0x0000000741800000|
|  25|0x0000000741900000, 0x0000000741900000, 0x0000000741a00000|  0%| F|  |TS  0|AC  0|TAMS 0x0000000741900000, 0x0000000741900000|
|  26|0x0000000741a00000, 0x0000000741a00000, 0x0000000741b00000|  0%| F|  |TS  0|AC  0|TAMS 0x0000000741a00000, 0x0000000741a00000|
|  27|0x0000000741b00000, 0x0000000741b00000, 0x0000000741c00000|  0%| F|  |TS  0|AC  0|TAMS 0x0000000741b00000, 0x0000000741b00000|
|  28|0x0000000741c00000, 0x0000000741c00000, 0x0000000741d00000|  0%| F|  |TS  0|AC  0|TAMS 0x0000000741c00000, 0x0000000741c00000|
|  29|0x0000000741d00000, 0x0000000741d00000, 0x0000000741e00000|  0%| F|  |TS  0|AC  0|TAMS 0x0000000741d00000, 0x0000000741d00000|
|  30|0x0000000741e00000, 0x0000000741e00000, 0x0000000741f00000|  0%| F|  |TS  0|AC  0|TAMS 0x0000000741e00000, 0x0000000741e00000|
|  31|0x0000000741f00000, 0x0000000741f00000, 0x0000000742000000|  0%| F|  |TS  0|AC  0|TAMS 0x0000000741f00000, 0x0000000741f00000|
|  32|0x0000000742000000, 0x0000000742000000, 0x0000000742100000|  0%| F|  |TS  0|AC  0|TAMS 0x0000000742000000, 0x0000000742000000|
|  33|0x0000000742100000, 0x0000000742100000, 0x0000000742200000|  0%| F|  |TS  0|AC  0|TAMS 0x0000000742100000, 0x0000000742100000|
|  34|0x0000000742200000, 0x0000000742200000, 0x0000000742300000|  0%| F|  |TS  0|AC  0|TAMS 0x0000000742200000, 0x0000000742200000|
|  35|0x0000000742300000, 0x0000000742300000, 0x0000000742400000|  0%| F|  |TS  0|AC  0|TAMS 0x0000000742300000, 0x0000000742300000|
|  36|0x0000000742400000, 0x0000000742400000, 0x0000000742500000|  0%| F|  |TS  0|AC  0|TAMS 0x0000000742400000, 0x0000000742400000|
|  37|0x0000000742500000, 0x0000000742500000, 0x0000000742600000|  0%| F|  |TS  0|AC  0|TAMS 0x0000000742500000, 0x0000000742500000|
|  38|0x0000000742600000, 0x0000000742600000, 0x0000000742700000|  0%| F|  |TS  0|AC  0|TAMS 0x0000000742600000, 0x0000000742600000|
|  39|0x0000000742700000, 0x0000000742700000, 0x0000000742800000|  0%| F|  |TS  0|AC  0|TAMS 0x0000000742700000, 0x0000000742700000|
|  40|0x0000000742800000, 0x0000000742800000, 0x0000000742900000|  0%| F|  |TS  0|AC  0|TAMS 0x0000000742800000, 0x0000000742800000|
|  41|0x0000000742900000, 0x0000000742900000, 0x0000000742a00000|  0%| F|  |TS  0|AC  0|TAMS 0x0000000742900000, 0x0000000742900000|
|  42|0x0000000742a00000, 0x0000000742a00000, 0x0000000742b00000|  0%| F|  |TS  0|AC  0|TAMS 0x0000000742a00000, 0x0000000742a00000|
|  43|0x0000000742b00000, 0x0000000742b00000, 0x0000000742c00000|  0%| F|  |TS  0|AC  0|TAMS 0x0000000742b00000, 0x0000000742b00000|
|  44|0x0000000742c00000, 0x0000000742c00000, 0x0000000742d00000|  0%| F|  |TS  0|AC  0|TAMS 0x0000000742c00000, 0x0000000742c00000|
|  45|0x0000000742d00000, 0x0000000742d00000, 0x0000000742e00000|  0%| F|  |TS  0|AC  0|TAMS 0x0000000742d00000, 0x0000000742d00000|
|  46|0x0000000742e00000, 0x0000000742e00000, 0x0000000742f00000|  0%| F|  |TS  0|AC  0|TAMS 0x0000000742e00000, 0x0000000742e00000|
|  47|0x0000000742f00000, 0x0000000742f00000, 0x0000000743000000|  0%| F|  |TS  0|AC  0|TAMS 0x0000000742f00000, 0x0000000742f00000|
|  48|0x0000000743000000, 0x0000000743000000, 0x0000000743100000|  0%| F|  |TS  0|AC  0|TAMS 0x0000000743000000, 0x0000000743000000|
|  49|0x0000000743100000, 0x0000000743100000, 0x0000000743200000|  0%| F|  |TS  0|AC  0|TAMS 0x0000000743100000, 0x0000000743100000|
|  50|0x0000000743200000, 0x0000000743200000, 0x0000000743300000|  0%| F|  |TS  0|AC  0|TAMS 0x0000000743200000, 0x0000000743200000|
|  51|0x0000000743300000, 0x0000000743300000, 0x0000000743400000|  0%| F|  |TS  0|AC  0|TAMS 0x0000000743300000, 0x0000000743300000|
|  52|0x0000000743400000, 0x0000000743400000, 0x0000000743500000|  0%| F|  |TS  0|AC  0|TAMS 0x0000000743400000, 0x0000000743400000|
|  53|0x0000000743500000, 0x0000000743500000, 0x0000000743600000|  0%| F|  |TS  0|AC  0|TAMS 0x0000000743500000, 0x0000000743500000|
|  54|0x0000000743600000, 0x0000000743600000, 0x0000000743700000|  0%| F|  |TS  0|AC  0|TAMS 0x0000000743600000, 0x0000000743600000|
|  55|0x0000000743700000, 0x0000000743700000, 0x0000000743800000|  0%| F|  |TS  0|AC  0|TAMS 0x0000000743700000, 0x0000000743700000|
|  56|0x0000000743800000, 0x0000000743800000, 0x0000000743900000|  0%| F|  |TS  0|AC  0|TAMS 0x0000000743800000, 0x0000000743800000|
|  57|0x0000000743900000, 0x0000000743900000, 0x0000000743a00000|  0%| F|  |TS  0|AC  0|TAMS 0x0000000743900000, 0x0000000743900000|
|  58|0x0000000743a00000, 0x0000000743a00000, 0x0000000743b00000|  0%| F|  |TS  0|AC  0|TAMS 0x0000000743a00000, 0x0000000743a00000|
|  59|0x0000000743b00000, 0x0000000743b00000, 0x0000000743c00000|  0%| F|  |TS  0|AC  0|TAMS 0x0000000743b00000, 0x0000000743b00000|
|  60|0x0000000743c00000, 0x0000000743c00000, 0x0000000743d00000|  0%| F|  |TS  0|AC  0|TAMS 0x0000000743c00000, 0x0000000743c00000|
|  61|0x0000000743d00000, 0x0000000743d00000, 0x0000000743e00000|  0%| F|  |TS  0|AC  0|TAMS 0x0000000743d00000, 0x0000000743d00000|
|  62|0x0000000743e00000, 0x0000000743e00000, 0x0000000743f00000|  0%| F|  |TS  0|AC  0|TAMS 0x0000000743e00000, 0x0000000743e00000|
|  63|0x0000000743f00000, 0x0000000743f00000, 0x0000000744000000|  0%| F|  |TS  0|AC  0|TAMS 0x0000000743f00000, 0x0000000743f00000|
|  64|0x0000000744000000, 0x0000000744000000, 0x0000000744100000|  0%| F|  |TS  0|AC  0|TAMS 0x0000000744000000, 0x0000000744000000|
|  65|0x0000000744100000, 0x0000000744100000, 0x0000000744200000|  0%| F|  |TS  0|AC  0|TAMS 0x0000000744100000, 0x0000000744100000|
|  66|0x0000000744200000, 0x0000000744200000, 0x0000000744300000|  0%| F|  |TS  0|AC  0|TAMS 0x0000000744200000, 0x0000000744200000|
|  67|0x0000000744300000, 0x0000000744300000, 0x0000000744400000|  0%| F|  |TS  0|AC  0|TAMS 0x0000000744300000, 0x0000000744300000|
|  68|0x0000000744400000, 0x0000000744400000, 0x0000000744500000|  0%| F|  |TS  0|AC  0|TAMS 0x0000000744400000, 0x0000000744400000|
|  69|0x0000000744500000, 0x0000000744500000, 0x0000000744600000|  0%| F|  |TS  0|AC  0|TAMS 0x0000000744500000, 0x0000000744500000|
|  70|0x0000000744600000, 0x0000000744600000, 0x0000000744700000|  0%| F|  |TS  0|AC  0|TAMS 0x0000000744600000, 0x0000000744600000|
|  71|0x0000000744700000, 0x0000000744700000, 0x0000000744800000|  0%| F|  |TS  0|AC  0|TAMS 0x0000000744700000, 0x0000000744700000|
|  72|0x0000000744800000, 0x0000000744800000, 0x0000000744900000|  0%| F|  |TS  0|AC  0|TAMS 0x0000000744800000, 0x0000000744800000|
|  73|0x0000000744900000, 0x0000000744900000, 0x0000000744a00000|  0%| F|  |TS  0|AC  0|TAMS 0x0000000744900000, 0x0000000744900000|
|  74|0x0000000744a00000, 0x0000000744a00000, 0x0000000744b00000|  0%| F|  |TS  0|AC  0|TAMS 0x0000000744a00000, 0x0000000744a00000|
|  75|0x0000000744b00000, 0x0000000744b00000, 0x0000000744c00000|  0%| F|  |TS  0|AC  0|TAMS 0x0000000744b00000, 0x0000000744b00000|
|  76|0x0000000744c00000, 0x0000000744c00000, 0x0000000744d00000|  0%| F|  |TS  0|AC  0|TAMS 0x0000000744c00000, 0x0000000744c00000|
|  77|0x0000000744d00000, 0x0000000744d00000, 0x0000000744e00000|  0%| F|  |TS  0|AC  0|TAMS 0x0000000744d00000, 0x0000000744d00000|
|  78|0x0000000744e00000, 0x0000000744e00000, 0x0000000744f00000|  0%| F|  |TS  0|AC  0|TAMS 0x0000000744e00000, 0x0000000744e00000|
|  79|0x0000000744f00000, 0x0000000744f00000, 0x0000000745000000|  0%| F|  |TS  0|AC  0|TAMS 0x0000000744f00000, 0x0000000744f00000|
|  80|0x0000000745000000, 0x0000000745000000, 0x0000000745100000|  0%| F|  |TS  0|AC  0|TAMS 0x0000000745000000, 0x0000000745000000|
|  81|0x0000000745100000, 0x0000000745100000, 0x0000000745200000|  0%| F|  |TS  0|AC  0|TAMS 0x0000000745100000, 0x0000000745100000|
|  82|0x0000000745200000, 0x0000000745200000, 0x0000000745300000|  0%| F|  |TS  0|AC  0|TAMS 0x0000000745200000, 0x0000000745200000|
|  83|0x0000000745300000, 0x0000000745300000, 0x0000000745400000|  0%| F|  |TS  0|AC  0|TAMS 0x0000000745300000, 0x0000000745300000|
|  84|0x0000000745400000, 0x0000000745400000, 0x0000000745500000|  0%| F|  |TS  0|AC  0|TAMS 0x0000000745400000, 0x0000000745400000|
|  85|0x0000000745500000, 0x0000000745500000, 0x0000000745600000|  0%| F|  |TS  0|AC  0|TAMS 0x0000000745500000, 0x0000000745500000|
|  86|0x0000000745600000, 0x0000000745600000, 0x0000000745700000|  0%| F|  |TS  0|AC  0|TAMS 0x0000000745600000, 0x0000000745600000|
|  87|0x0000000745700000, 0x0000000745700000, 0x0000000745800000|  0%| F|  |TS  0|AC  0|TAMS 0x0000000745700000, 0x0000000745700000|
|  88|0x0000000745800000, 0x0000000745800000, 0x0000000745900000|  0%| F|  |TS  0|AC  0|TAMS 0x0000000745800000, 0x0000000745800000|
|  89|0x0000000745900000, 0x0000000745900000, 0x0000000745a00000|  0%| F|  |TS  0|AC  0|TAMS 0x0000000745900000, 0x0000000745900000|
|  90|0x0000000745a00000, 0x0000000745a00000, 0x0000000745b00000|  0%| F|  |TS  0|AC  0|TAMS 0x0000000745a00000, 0x0000000745a00000|
|  91|0x0000000745b00000, 0x0000000745b00000, 0x0000000745c00000|  0%| F|  |TS  0|AC  0|TAMS 0x0000000745b00000, 0x0000000745b00000|
|  92|0x0000000745c00000, 0x0000000745c00000, 0x0000000745d00000|  0%| F|  |TS  0|AC  0|TAMS 0x0000000745c00000, 0x0000000745c00000|
|  93|0x0000000745d00000, 0x0000000745d00000, 0x0000000745e00000|  0%| F|  |TS  0|AC  0|TAMS 0x0000000745d00000, 0x0000000745d00000|
|  94|0x0000000745e00000, 0x0000000745e00000, 0x0000000745f00000|  0%| F|  |TS  0|AC  0|TAMS 0x0000000745e00000, 0x0000000745e00000|
|  95|0x0000000745f00000, 0x0000000745f00000, 0x0000000746000000|  0%| F|  |TS  0|AC  0|TAMS 0x0000000745f00000, 0x0000000745f00000|
|  96|0x0000000746000000, 0x0000000746000000, 0x0000000746100000|  0%| F|  |TS  0|AC  0|TAMS 0x0000000746000000, 0x0000000746000000|
|  97|0x0000000746100000, 0x0000000746100000, 0x0000000746200000|  0%| F|  |TS  0|AC  0|TAMS 0x0000000746100000, 0x0000000746100000|
|  98|0x0000000746200000, 0x0000000746200000, 0x0000000746300000|  0%| F|  |TS  0|AC  0|TAMS 0x0000000746200000, 0x0000000746200000|
|  99|0x0000000746300000, 0x0000000746300000, 0x0000000746400000|  0%| F|  |TS  0|AC  0|TAMS 0x0000000746300000, 0x0000000746300000|
| 100|0x0000000746400000, 0x0000000746400000, 0x0000000746500000|  0%| F|  |TS  0|AC  0|TAMS 0x0000000746400000, 0x0000000746400000|
| 101|0x0000000746500000, 0x0000000746500000, 0x0000000746600000|  0%| F|  |TS  0|AC  0|TAMS 0x0000000746500000, 0x0000000746500000|
| 102|0x0000000746600000, 0x0000000746600000, 0x0000000746700000|  0%| F|  |TS  0|AC  0|TAMS 0x0000000746600000, 0x0000000746600000|
| 103|0x0000000746700000, 0x0000000746700000, 0x0000000746800000|  0%| F|  |TS  0|AC  0|TAMS 0x0000000746700000, 0x0000000746700000|
| 104|0x0000000746800000, 0x0000000746800000, 0x0000000746900000|  0%| F|  |TS  0|AC  0|TAMS 0x0000000746800000, 0x0000000746800000|
| 105|0x0000000746900000, 0x0000000746900000, 0x0000000746a00000|  0%| F|  |TS  0|AC  0|TAMS 0x0000000746900000, 0x0000000746900000|
| 106|0x0000000746a00000, 0x0000000746a00000, 0x0000000746b00000|  0%| F|  |TS  0|AC  0|TAMS 0x0000000746a00000, 0x0000000746a00000|
| 107|0x0000000746b00000, 0x0000000746b00000, 0x0000000746c00000|  0%| F|  |TS  0|AC  0|TAMS 0x0000000746b00000, 0x0000000746b00000|
| 108|0x0000000746c00000, 0x0000000746c00000, 0x0000000746d00000|  0%| F|  |TS  0|AC  0|TAMS 0x0000000746c00000, 0x0000000746c00000|
| 109|0x0000000746d00000, 0x0000000746d00000, 0x0000000746e00000|  0%| F|  |TS  0|AC  0|TAMS 0x0000000746d00000, 0x0000000746d00000|
| 110|0x0000000746e00000, 0x0000000746e00000, 0x0000000746f00000|  0%| F|  |TS  0|AC  0|TAMS 0x0000000746e00000, 0x0000000746e00000|
| 111|0x0000000746f00000, 0x0000000746f00000, 0x0000000747000000|  0%| F|  |TS  0|AC  0|TAMS 0x0000000746f00000, 0x0000000746f00000|
| 112|0x0000000747000000, 0x0000000747000000, 0x0000000747100000|  0%| F|  |TS  0|AC  0|TAMS 0x0000000747000000, 0x0000000747000000|
| 113|0x0000000747100000, 0x0000000747100000, 0x0000000747200000|  0%| F|  |TS  0|AC  0|TAMS 0x0000000747100000, 0x0000000747100000|
| 114|0x0000000747200000, 0x0000000747200000, 0x0000000747300000|  0%| F|  |TS  0|AC  0|TAMS 0x0000000747200000, 0x0000000747200000|
| 115|0x0000000747300000, 0x0000000747300000, 0x0000000747400000|  0%| F|  |TS  0|AC  0|TAMS 0x0000000747300000, 0x0000000747300000|
| 116|0x0000000747400000, 0x0000000747400000, 0x0000000747500000|  0%| F|  |TS  0|AC  0|TAMS 0x0000000747400000, 0x0000000747400000|
| 117|0x0000000747500000, 0x0000000747500000, 0x0000000747600000|  0%| F|  |TS  0|AC  0|TAMS 0x0000000747500000, 0x0000000747500000|
| 118|0x0000000747600000, 0x0000000747600000, 0x0000000747700000|  0%| F|  |TS  0|AC  0|TAMS 0x0000000747600000, 0x0000000747600000|
| 119|0x0000000747700000, 0x0000000747700000, 0x0000000747800000|  0%| F|  |TS  0|AC  0|TAMS 0x0000000747700000, 0x0000000747700000|
| 120|0x0000000747800000, 0x0000000747800000, 0x0000000747900000|  0%| F|  |TS  0|AC  0|TAMS 0x0000000747800000, 0x0000000747800000|
| 121|0x0000000747900000, 0x0000000747900000, 0x0000000747a00000|  0%| F|  |TS  0|AC  0|TAMS 0x0000000747900000, 0x0000000747900000|
| 122|0x0000000747a00000, 0x0000000747a00000, 0x0000000747b00000|  0%| F|  |TS  0|AC  0|TAMS 0x0000000747a00000, 0x0000000747a00000|
| 123|0x0000000747b00000, 0x0000000747b00000, 0x0000000747c00000|  0%| F|  |TS  0|AC  0|TAMS 0x0000000747b00000, 0x0000000747b00000|
| 124|0x0000000747c00000, 0x0000000747c8fe30, 0x0000000747d00000| 56%| E|  |TS  0|AC  0|TAMS 0x0000000747c00000, 0x0000000747c00000|
| 125|0x0000000747d00000, 0x0000000747e00000, 0x0000000747e00000|100%| E|CS|TS  0|AC  0|TAMS 0x0000000747d00000, 0x0000000747d00000|
| 126|0x0000000747e00000, 0x0000000747f00000, 0x0000000747f00000|100%| E|CS|TS  0|AC  0|TAMS 0x0000000747e00000, 0x0000000747e00000|
| 127|0x0000000747f00000, 0x0000000748000000, 0x0000000748000000|100%| E|CS|TS  0|AC  0|TAMS 0x0000000747f00000, 0x0000000747f00000|

Card table byte_map: [0x000000010ce8e000,0x000000010d28e000] byte_map_base: 0x000000010948e000

Marking Bits (Prev, Next): (CMBitMap*) 0x00007fee2981f060, (CMBitMap*) 0x00007fee2981f098
 Prev Bits: [0x000000010d68e000, 0x000000010f68e000)
 Next Bits: [0x000000011ed43000, 0x0000000120d43000)

Polling page: 0x000000010276a000

CodeHeap 'non-profiled nmethods': size=120032Kb used=99Kb max_used=99Kb free=119932Kb
 bounds [0x000000011780b000, 0x0000000117a7b000, 0x000000011ed43000]
CodeHeap 'profiled nmethods': size=120032Kb used=414Kb max_used=414Kb free=119617Kb
 bounds [0x00000001102d3000, 0x0000000110543000, 0x000000011780b000]
CodeHeap 'non-nmethods': size=5696Kb used=1098Kb max_used=1105Kb free=4598Kb
 bounds [0x000000010fd43000, 0x000000010ffb3000, 0x00000001102d3000]
 total_blobs=708 nmethods=305 adapters=246
 compilation: enabled

Compilation events (10 events):
Event: 0.954 Thread 0x00007fee2b00f000  298       3       jdk.internal.org.objectweb.asm.ByteVector::put12 (64 bytes)
Event: 0.955 Thread 0x00007fee2b00f000 nmethod 298 0x0000000110338e90 code [0x0000000110339060, 0x00000001103392e8]
Event: 0.955 Thread 0x00007fee2b00f000  304       3       java.lang.StringBuilder::<init> (7 bytes)
Event: 0.955 Thread 0x00007fee2b00f000 nmethod 304 0x0000000110339490 code [0x0000000110339640, 0x00000001103397e8]
Event: 0.955 Thread 0x00007fee2b00f000  294       3       java.lang.invoke.LambdaForm::internArgument (84 bytes)
Event: 0.956 Thread 0x00007fee2b00f000 nmethod 294 0x0000000110339890 code [0x0000000110339a80, 0x0000000110339e88]
Event: 0.956 Thread 0x00007fee2b00f000  297       3       java.lang.invoke.MemberName::getReferenceKind (12 bytes)
Event: 0.957 Thread 0x00007fee2b00f000 nmethod 297 0x000000011033a090 code [0x000000011033a240, 0x000000011033a3b0]
Event: 0.963 Thread 0x00007fee2b00f000  305       3       java.lang.String::lastIndexOf (29 bytes)
Event: 0.964 Thread 0x00007fee2b00f000 nmethod 305 0x000000011033a410 code [0x000000011033a5e0, 0x000000011033a8f8]

GC Heap History (0 events):
No events

Deoptimization events (2 events):
Event: 0.343 Thread 0x00007fee2a007800 Uncommon trap: reason=unstable_if action=reinterpret pc=0x0000000117814ba4 method=java.util.HashMap.putVal(ILjava/lang/Object;Ljava/lang/Object;ZZ)Ljava/lang/Object; @ 69 c2
Event: 0.465 Thread 0x00007fee2a007800 Uncommon trap: reason=unstable_if action=reinterpret pc=0x000000011780ff04 method=java.lang.String.hashCode()I @ 14 c2

Classes redefined (4 events):
Event: 32.514 Thread 0x00007fee29802000 redefined class name=Ans$1, count=1
Event: 32.515 Thread 0x00007fee29802000 redefined class name=Ans, count=1
Event: 107.388 Thread 0x00007fee29802000 redefined class name=Ans$1, count=2
Event: 107.390 Thread 0x00007fee29802000 redefined class name=Ans, count=2

Internal exceptions (0 events):
No events

Events (10 events):
Event: 107.394 Executing VM operation: GetFrameLocation done
Event: 107.510 Executing VM operation: ChangeBreakpoints
Event: 107.511 Executing VM operation: ChangeBreakpoints done
Event: 107.513 Executing VM operation: ChangeBreakpoints
Event: 107.513 Executing VM operation: ChangeBreakpoints done
Event: 107.514 Executing VM operation: ChangeBreakpoints
Event: 107.514 Executing VM operation: ChangeBreakpoints done
Event: 107.515 Executing VM operation: ChangeBreakpoints
Event: 107.516 Executing VM operation: ChangeBreakpoints done
Event: 107.638 Executing VM operation: GetOrSetLocal


Dynamic libraries:
0x00007fff49661000 	/System/Library/Frameworks/Cocoa.framework/Versions/A/Cocoa
0x00007fff55404000 	/System/Library/Frameworks/Security.framework/Versions/A/Security
0x00007fff482f4000 	/System/Library/Frameworks/ApplicationServices.framework/Versions/A/ApplicationServices
0x00007fff754f6000 	/usr/lib/libz.1.dylib
0x00007fff72e50000 	/usr/lib/libSystem.B.dylib
0x00007fff49ed6000 	/System/Library/Frameworks/CoreFoundation.framework/Versions/A/CoreFoundation
0x00007fff4c158000 	/System/Library/Frameworks/Foundation.framework/Versions/C/Foundation
0x00007fff74687000 	/usr/lib/libobjc.A.dylib
0x00007fff474ed000 	/System/Library/Frameworks/AppKit.framework/Versions/C/AppKit
0x00007fff49a5f000 	/System/Library/Frameworks/CoreData.framework/Versions/A/CoreData
0x00007fff6c916000 	/System/Library/PrivateFrameworks/RemoteViewServices.framework/Versions/A/RemoteViewServices
0x00007fff70b8d000 	/System/Library/PrivateFrameworks/UIFoundation.framework/Versions/A/UIFoundation
0x00007fff72271000 	/System/Library/PrivateFrameworks/XCTTargetBootstrap.framework/Versions/A/XCTTargetBootstrap
0x00007fff49de5000 	/System/Library/Frameworks/CoreDisplay.framework/Versions/A/CoreDisplay
0x00007fff6764c000 	/System/Library/PrivateFrameworks/IconServices.framework/Versions/A/IconServices
0x00007fff4ea79000 	/System/Library/Frameworks/Metal.framework/Versions/A/Metal
0x00007fff5eb8f000 	/System/Library/PrivateFrameworks/DesktopServicesPriv.framework/Versions/A/DesktopServicesPriv
0x00007fff739ea000 	/usr/lib/libenergytrace.dylib
0x00007fff6f074000 	/System/Library/PrivateFrameworks/SkyLight.framework/Versions/A/SkyLight
0x00007fff4a31c000 	/System/Library/Frameworks/CoreGraphics.framework/Versions/A/CoreGraphics
0x00007fff462b9000 	/System/Library/Frameworks/Accelerate.framework/Versions/A/Accelerate
0x00007fff4c8a1000 	/System/Library/Frameworks/IOSurface.framework/Versions/A/IOSurface
0x00007fff5e9fb000 	/System/Library/PrivateFrameworks/DFRFoundation.framework/Versions/A/DFRFoundation
0x00007fff487d7000 	/System/Library/Frameworks/AudioToolbox.framework/Versions/A/AudioToolbox
0x00007fff48a50000 	/System/Library/Frameworks/AudioUnit.framework/Versions/A/AudioUnit
0x00007fff5ea90000 	/System/Library/PrivateFrameworks/DataDetectorsCore.framework/Versions/A/DataDetectorsCore
0x00007fff49164000 	/System/Library/Frameworks/Carbon.framework/Versions/A/Frameworks/HIToolbox.framework/Versions/A/HIToolbox
0x00007fff73b43000 	/usr/lib/libicucore.A.dylib
0x00007fff54978000 	/System/Library/Frameworks/QuartzCore.framework/Versions/A/QuartzCore
0x00007fff49539000 	/System/Library/Frameworks/Carbon.framework/Versions/A/Frameworks/SpeechRecognition.framework/Versions/A/SpeechRecognition
0x00007fff72fa4000 	/usr/lib/libauto.dylib
0x00007fff753ea000 	/usr/lib/libxml2.2.dylib
0x00007fff5e5d6000 	/System/Library/PrivateFrameworks/CoreUI.framework/Versions/A/CoreUI
0x00007fff4994a000 	/System/Library/Frameworks/CoreAudio.framework/Versions/A/CoreAudio
0x00007fff4bf8d000 	/System/Library/Frameworks/DiskArbitration.framework/Versions/A/DiskArbitration
0x00007fff73df1000 	/usr/lib/liblangid.dylib
0x00007fff68a57000 	/System/Library/PrivateFrameworks/MultitouchSupport.framework/Versions/A/MultitouchSupport
0x00007fff4c810000 	/System/Library/Frameworks/IOKit.framework/Versions/A/IOKit
0x00007fff72a10000 	/usr/lib/libDiagnosticMessagesClient.dylib
0x00007fff4b12b000 	/System/Library/Frameworks/CoreServices.framework/Versions/A/CoreServices
0x00007fff6a711000 	/System/Library/PrivateFrameworks/PerformanceAnalysis.framework/Versions/A/PerformanceAnalysis
0x00007fff53b66000 	/System/Library/Frameworks/OpenGL.framework/Versions/A/OpenGL
0x00007fff4966f000 	/System/Library/Frameworks/ColorSync.framework/Versions/A/ColorSync
0x00007fff4a9ad000 	/System/Library/Frameworks/CoreImage.framework/Versions/A/CoreImage
0x00007fff4bb03000 	/System/Library/Frameworks/CoreText.framework/Versions/A/CoreText
0x00007fff4c904000 	/System/Library/Frameworks/ImageIO.framework/Versions/A/ImageIO
0x00007fff5ac28000 	/System/Library/PrivateFrameworks/Backup.framework/Versions/A/Backup
0x00007fff72ef7000 	/usr/lib/libarchive.2.dylib
0x00007fff48da9000 	/System/Library/Frameworks/CFNetwork.framework/Versions/A/CFNetwork
0x00007fff55b60000 	/System/Library/Frameworks/SystemConfiguration.framework/Versions/A/SystemConfiguration
0x00007fff72941000 	/usr/lib/libCRFSuite.dylib
0x00007fff73093000 	/usr/lib/libc++.1.dylib
0x00007fff730e7000 	/usr/lib/libc++abi.dylib
0x00007fff75cec000 	/usr/lib/system/libcache.dylib
0x00007fff75cf1000 	/usr/lib/system/libcommonCrypto.dylib
0x00007fff75cfc000 	/usr/lib/system/libcompiler_rt.dylib
0x00007fff75d04000 	/usr/lib/system/libcopyfile.dylib
0x00007fff75d0e000 	/usr/lib/system/libcorecrypto.dylib
0x00007fff75e19000 	/usr/lib/system/libdispatch.dylib
0x00007fff75e53000 	/usr/lib/system/libdyld.dylib
0x00007fff75e80000 	/usr/lib/system/libkeymgr.dylib
0x00007fff75e8e000 	/usr/lib/system/liblaunch.dylib
0x00007fff75e8f000 	/usr/lib/system/libmacho.dylib
0x00007fff75e95000 	/usr/lib/system/libquarantine.dylib
0x00007fff75e98000 	/usr/lib/system/libremovefile.dylib
0x00007fff75e9a000 	/usr/lib/system/libsystem_asl.dylib
0x00007fff75eb2000 	/usr/lib/system/libsystem_blocks.dylib
0x00007fff75eb3000 	/usr/lib/system/libsystem_c.dylib
0x00007fff75f3b000 	/usr/lib/system/libsystem_configuration.dylib
0x00007fff75f3f000 	/usr/lib/system/libsystem_coreservices.dylib
0x00007fff75f43000 	/usr/lib/system/libsystem_darwin.dylib
0x00007fff75f4a000 	/usr/lib/system/libsystem_dnssd.dylib
0x00007fff75f51000 	/usr/lib/system/libsystem_info.dylib
0x00007fff75fc6000 	/usr/lib/system/libsystem_m.dylib
0x00007fff76012000 	/usr/lib/system/libsystem_malloc.dylib
0x00007fff7603d000 	/usr/lib/system/libsystem_networkextension.dylib
0x00007fff76048000 	/usr/lib/system/libsystem_notify.dylib
0x00007fff76065000 	/usr/lib/system/libsystem_sandbox.dylib
0x00007fff76069000 	/usr/lib/system/libsystem_secinit.dylib
0x00007fff75f9d000 	/usr/lib/system/libsystem_kernel.dylib
0x00007fff76050000 	/usr/lib/system/libsystem_platform.dylib
0x00007fff7605a000 	/usr/lib/system/libsystem_pthread.dylib
0x00007fff7606c000 	/usr/lib/system/libsystem_symptoms.dylib
0x00007fff76074000 	/usr/lib/system/libsystem_trace.dylib
0x00007fff7608b000 	/usr/lib/system/libunwind.dylib
0x00007fff76091000 	/usr/lib/system/libxpc.dylib
0x00007fff73074000 	/usr/lib/libbsm.0.dylib
0x00007fff75e81000 	/usr/lib/system/libkxld.dylib
0x00007fff5a019000 	/System/Library/PrivateFrameworks/AppleFSCompression.framework/Versions/A/AppleFSCompression
0x00007fff72d10000 	/usr/lib/libOpenScriptingUtil.dylib
0x00007fff7339c000 	/usr/lib/libcoretls.dylib
0x00007fff733b3000 	/usr/lib/libcoretls_cfhelpers.dylib
0x00007fff74e1e000 	/usr/lib/libpam.2.dylib
0x00007fff74fde000 	/usr/lib/libsqlite3.dylib
0x00007fff753d8000 	/usr/lib/libxar.1.dylib
0x00007fff73085000 	/usr/lib/libbz2.1.0.dylib
0x00007fff73df3000 	/usr/lib/liblzma.5.dylib
0x00007fff742a4000 	/usr/lib/libnetwork.dylib
0x00007fff72ee0000 	/usr/lib/libapple_nghttp2.dylib
0x00007fff74e25000 	/usr/lib/libpcap.A.dylib
0x00007fff4b4ca000 	/System/Library/Frameworks/CoreServices.framework/Versions/A/Frameworks/FSEvents.framework/Versions/A/FSEvents
0x00007fff4b1a9000 	/System/Library/Frameworks/CoreServices.framework/Versions/A/Frameworks/CarbonCore.framework/Versions/A/CarbonCore
0x00007fff4b685000 	/System/Library/Frameworks/CoreServices.framework/Versions/A/Frameworks/Metadata.framework/Versions/A/Metadata
0x00007fff4b724000 	/System/Library/Frameworks/CoreServices.framework/Versions/A/Frameworks/OSServices.framework/Versions/A/OSServices
0x00007fff4b76f000 	/System/Library/Frameworks/CoreServices.framework/Versions/A/Frameworks/SearchKit.framework/Versions/A/SearchKit
0x00007fff4b12c000 	/System/Library/Frameworks/CoreServices.framework/Versions/A/Frameworks/AE.framework/Versions/A/AE
0x00007fff4b4d3000 	/System/Library/Frameworks/CoreServices.framework/Versions/A/Frameworks/LaunchServices.framework/Versions/A/LaunchServices
0x00007fff4b481000 	/System/Library/Frameworks/CoreServices.framework/Versions/A/Frameworks/DictionaryServices.framework/Versions/A/DictionaryServices
0x00007fff4b7d7000 	/System/Library/Frameworks/CoreServices.framework/Versions/A/Frameworks/SharedFileList.framework/Versions/A/SharedFileList
0x00007fff4fb41000 	/System/Library/Frameworks/NetFS.framework/Versions/A/NetFS
0x00007fff68cbd000 	/System/Library/PrivateFrameworks/NetAuth.framework/Versions/A/NetAuth
0x00007fff72675000 	/System/Library/PrivateFrameworks/login.framework/Versions/A/Frameworks/loginsupport.framework/Versions/A/loginsupport
0x00007fff70796000 	/System/Library/PrivateFrameworks/TCC.framework/Versions/A/TCC
0x00007fff5dc33000 	/System/Library/PrivateFrameworks/CoreNLP.framework/Versions/A/CoreNLP
0x00007fff68752000 	/System/Library/PrivateFrameworks/MetadataUtilities.framework/Versions/A/MetadataUtilities
0x00007fff73ec8000 	/usr/lib/libmecabra.dylib
0x00007fff482f5000 	/System/Library/Frameworks/ApplicationServices.framework/Versions/A/Frameworks/ATS.framework/Versions/A/ATS
0x00007fff48644000 	/System/Library/Frameworks/ApplicationServices.framework/Versions/A/Frameworks/ColorSyncLegacy.framework/Versions/A/ColorSyncLegacy
0x00007fff486e3000 	/System/Library/Frameworks/ApplicationServices.framework/Versions/A/Frameworks/HIServices.framework/Versions/A/HIServices
0x00007fff48736000 	/System/Library/Frameworks/ApplicationServices.framework/Versions/A/Frameworks/LangAnalysis.framework/Versions/A/LangAnalysis
0x00007fff48746000 	/System/Library/Frameworks/ApplicationServices.framework/Versions/A/Frameworks/PrintCore.framework/Versions/A/PrintCore
0x00007fff48790000 	/System/Library/Frameworks/ApplicationServices.framework/Versions/A/Frameworks/QD.framework/Versions/A/QD
0x00007fff487ca000 	/System/Library/Frameworks/ApplicationServices.framework/Versions/A/Frameworks/SpeechSynthesis.framework/Versions/A/SpeechSynthesis
0x00007fff7310f000 	/usr/lib/libcompression.dylib
0x00007fff4ed49000 	/System/Library/Frameworks/MetalPerformanceShaders.framework/Versions/A/MetalPerformanceShaders
0x00007fff462d1000 	/System/Library/Frameworks/Accelerate.framework/Versions/A/Frameworks/vImage.framework/Versions/A/vImage
0x00007fff4734b000 	/System/Library/Frameworks/Accelerate.framework/Versions/A/Frameworks/vecLib.framework/Versions/A/vecLib
0x00007fff47297000 	/System/Library/Frameworks/Accelerate.framework/Versions/A/Frameworks/vecLib.framework/Versions/A/libvMisc.dylib
0x00007fff470af000 	/System/Library/Frameworks/Accelerate.framework/Versions/A/Frameworks/vecLib.framework/Versions/A/libvDSP.dylib
0x00007fff4696b000 	/System/Library/Frameworks/Accelerate.framework/Versions/A/Frameworks/vecLib.framework/Versions/A/libBLAS.dylib
0x00007fff46c58000 	/System/Library/Frameworks/Accelerate.framework/Versions/A/Frameworks/vecLib.framework/Versions/A/libLAPACK.dylib
0x00007fff47002000 	/System/Library/Frameworks/Accelerate.framework/Versions/A/Frameworks/vecLib.framework/Versions/A/libLinearAlgebra.dylib
0x00007fff4709b000 	/System/Library/Frameworks/Accelerate.framework/Versions/A/Frameworks/vecLib.framework/Versions/A/libSparseBLAS.dylib
0x00007fff47018000 	/System/Library/Frameworks/Accelerate.framework/Versions/A/Frameworks/vecLib.framework/Versions/A/libQuadrature.dylib
0x00007fff46be5000 	/System/Library/Frameworks/Accelerate.framework/Versions/A/Frameworks/vecLib.framework/Versions/A/libBNNS.dylib
0x00007fff4701e000 	/System/Library/Frameworks/Accelerate.framework/Versions/A/Frameworks/vecLib.framework/Versions/A/libSparse.dylib
0x00007fff64f81000 	/System/Library/PrivateFrameworks/GPUWrangler.framework/Versions/A/GPUWrangler
0x00007fff67281000 	/System/Library/PrivateFrameworks/IOAccelerator.framework/Versions/A/IOAccelerator
0x00007fff6728c000 	/System/Library/PrivateFrameworks/IOPresentment.framework/Versions/A/IOPresentment
0x00007fff5ea0b000 	/System/Library/PrivateFrameworks/DSExternalDisplay.framework/Versions/A/DSExternalDisplay
0x00007fff52fbd000 	/System/Library/Frameworks/OpenGL.framework/Versions/A/Libraries/libCoreFSCache.dylib
0x00007fff4eb3d000 	/System/Library/Frameworks/MetalPerformanceShaders.framework/Frameworks/MPSCore.framework/Versions/A/MPSCore
0x00007fff4eb5d000 	/System/Library/Frameworks/MetalPerformanceShaders.framework/Frameworks/MPSImage.framework/Versions/A/MPSImage
0x00007fff4ec02000 	/System/Library/Frameworks/MetalPerformanceShaders.framework/Frameworks/MPSNeuralNetwork.framework/Versions/A/MPSNeuralNetwork
0x00007fff4ebda000 	/System/Library/Frameworks/MetalPerformanceShaders.framework/Frameworks/MPSMatrix.framework/Versions/A/MPSMatrix
0x00007fff4ed2e000 	/System/Library/Frameworks/MetalPerformanceShaders.framework/Frameworks/MPSRayIntersector.framework/Versions/A/MPSRayIntersector
0x00007fff6877b000 	/System/Library/PrivateFrameworks/MetalTools.framework/Versions/A/MetalTools
0x00007fff598c3000 	/System/Library/PrivateFrameworks/AggregateDictionary.framework/Versions/A/AggregateDictionary
0x00007fff72cf0000 	/usr/lib/libMobileGestalt.dylib
0x00007fff4bc66000 	/System/Library/Frameworks/CoreVideo.framework/Versions/A/CoreVideo
0x00007fff65d92000 	/System/Library/PrivateFrameworks/GraphVisualizer.framework/Versions/A/GraphVisualizer
0x00007fff5fc11000 	/System/Library/PrivateFrameworks/FaceCore.framework/Versions/A/FaceCore
0x00007fff525eb000 	/System/Library/Frameworks/OpenCL.framework/Versions/A/OpenCL
0x00007fff72a48000 	/usr/lib/libFosl_dynamic.dylib
0x00007fff69528000 	/System/Library/PrivateFrameworks/OTSVG.framework/Versions/A/OTSVG
0x00007fff483f9000 	/System/Library/Frameworks/ApplicationServices.framework/Versions/A/Frameworks/ATS.framework/Versions/A/Resources/libFontParser.dylib
0x00007fff48511000 	/System/Library/Frameworks/ApplicationServices.framework/Versions/A/Frameworks/ATS.framework/Versions/A/Resources/libFontRegistry.dylib
0x00007fff4cb72000 	/System/Library/Frameworks/ImageIO.framework/Versions/A/Resources/libJPEG.dylib
0x00007fff4ce84000 	/System/Library/Frameworks/ImageIO.framework/Versions/A/Resources/libTIFF.dylib
0x00007fff4ce5a000 	/System/Library/Frameworks/ImageIO.framework/Versions/A/Resources/libPng.dylib
0x00007fff4ca90000 	/System/Library/Frameworks/ImageIO.framework/Versions/A/Resources/libGIF.dylib
0x00007fff4ca95000 	/System/Library/Frameworks/ImageIO.framework/Versions/A/Resources/libJP2.dylib
0x00007fff4ce81000 	/System/Library/Frameworks/ImageIO.framework/Versions/A/Resources/libRadiance.dylib
0x00007fff5a170000 	/System/Library/PrivateFrameworks/AppleJPEG.framework/Versions/A/AppleJPEG
0x00007fff52fc8000 	/System/Library/Frameworks/OpenGL.framework/Versions/A/Libraries/libGFXShared.dylib
0x00007fff5318b000 	/System/Library/Frameworks/OpenGL.framework/Versions/A/Libraries/libGLU.dylib
0x00007fff52fd1000 	/System/Library/Frameworks/OpenGL.framework/Versions/A/Libraries/libGL.dylib
0x00007fff52fdd000 	/System/Library/Frameworks/OpenGL.framework/Versions/A/Libraries/libGLImage.dylib
0x00007fff52fba000 	/System/Library/Frameworks/OpenGL.framework/Versions/A/Libraries/libCVMSPluginSupport.dylib
0x00007fff52fc3000 	/System/Library/Frameworks/OpenGL.framework/Versions/A/Libraries/libCoreVMClient.dylib
0x00007fff73860000 	/usr/lib/libcups.2.dylib
0x00007fff4e044000 	/System/Library/Frameworks/Kerberos.framework/Versions/A/Kerberos
0x00007fff4c574000 	/System/Library/Frameworks/GSS.framework/Versions/A/GSS
0x00007fff74f73000 	/usr/lib/libresolv.9.dylib
0x00007fff73a52000 	/usr/lib/libiconv.2.dylib
0x00007fff65f07000 	/System/Library/PrivateFrameworks/Heimdal.framework/Versions/A/Heimdal
0x00007fff73a22000 	/usr/lib/libheimdal-asn1.dylib
0x00007fff5265f000 	/System/Library/Frameworks/OpenDirectory.framework/Versions/A/OpenDirectory
0x00007fff5c996000 	/System/Library/PrivateFrameworks/CommonAuth.framework/Versions/A/CommonAuth
0x00007fff52643000 	/System/Library/Frameworks/OpenDirectory.framework/Versions/A/Frameworks/CFOpenDirectory.framework/Versions/A/CFOpenDirectory
0x00007fff55705000 	/System/Library/Frameworks/SecurityFoundation.framework/Versions/A/SecurityFoundation
0x00007fff58e09000 	/System/Library/PrivateFrameworks/APFS.framework/Versions/A/APFS
0x00007fff753d4000 	/usr/lib/libutil.dylib
0x00007fff730fd000 	/usr/lib/libcharset.1.dylib
0x00007fff5a40d000 	/System/Library/PrivateFrameworks/AppleSauce.framework/Versions/A/AppleSauce
0x00007fff5a58e000 	/System/Library/PrivateFrameworks/AssertionServices.framework/Versions/A/AssertionServices
0x00007fff5acbe000 	/System/Library/PrivateFrameworks/BaseBoard.framework/Versions/A/BaseBoard
0x00007fff73e23000 	/usr/lib/libmecab.1.0.0.dylib
0x00007fff73a1c000 	/usr/lib/libgermantok.dylib
0x00007fff72ecd000 	/usr/lib/libThaiTokenizer.dylib
0x00007fff72978000 	/usr/lib/libChineseTokenizer.dylib
0x00007fff67939000 	/System/Library/PrivateFrameworks/LanguageModeling.framework/Versions/A/LanguageModeling
0x00007fff5d678000 	/System/Library/PrivateFrameworks/CoreEmoji.framework/Versions/A/CoreEmoji
0x00007fff67a15000 	/System/Library/PrivateFrameworks/Lexicon.framework/Versions/A/Lexicon
0x00007fff67a58000 	/System/Library/PrivateFrameworks/LinguisticData.framework/Versions/A/LinguisticData
0x00007fff730fe000 	/usr/lib/libcmph.dylib
0x00007fff557c3000 	/System/Library/Frameworks/ServiceManagement.framework/Versions/A/ServiceManagement
0x00007fff5ac1f000 	/System/Library/PrivateFrameworks/BackgroundTaskManagement.framework/Versions/A/BackgroundTaskManagement
0x00007fff754cd000 	/usr/lib/libxslt.1.dylib
0x00007fff49466000 	/System/Library/Frameworks/Carbon.framework/Versions/A/Frameworks/Ink.framework/Versions/A/Ink
0x00007fff70a08000 	/System/Library/PrivateFrameworks/TextureIO.framework/Versions/A/TextureIO
0x00007fff72f21000 	/usr/lib/libate.dylib
0x00007fff5e95a000 	/System/Library/PrivateFrameworks/CrashReporterSupport.framework/Versions/A/CrashReporterSupport
0x00007fff6e142000 	/System/Library/PrivateFrameworks/Sharing.framework/Versions/A/Sharing
0x00007fff5a971000 	/System/Library/PrivateFrameworks/AuthKit.framework/Versions/A/AuthKit
0x00007fff59ec5000 	/System/Library/PrivateFrameworks/Apple80211.framework/Versions/A/Apple80211
0x00007fff5e702000 	/System/Library/PrivateFrameworks/CoreUtils.framework/Versions/A/CoreUtils
0x00007fff4bca7000 	/System/Library/Frameworks/CoreWLAN.framework/Versions/A/CoreWLAN
0x00007fff4c6a3000 	/System/Library/Frameworks/IOBluetooth.framework/Versions/A/IOBluetooth
0x00007fff6c5b2000 	/System/Library/PrivateFrameworks/ProtocolBuffer.framework/Versions/A/ProtocolBuffer
0x00007fff689b3000 	/System/Library/PrivateFrameworks/MobileKeyBag.framework/Versions/A/MobileKeyBag
0x00007fff5df46000 	/System/Library/PrivateFrameworks/CorePhoneNumbers.framework/Versions/A/CorePhoneNumbers
0x00007fff5a124000 	/System/Library/PrivateFrameworks/AppleIDAuthSupport.framework/Versions/A/AppleIDAuthSupport
0x00007fff6790c000 	/System/Library/PrivateFrameworks/KeychainCircle.framework/Versions/A/KeychainCircle
0x00007fff6c768000 	/System/Library/PrivateFrameworks/ROCKit.framework/Versions/A/ROCKit
0x00007fff5e8f6000 	/System/Library/PrivateFrameworks/CoreWiFi.framework/Versions/A/CoreWiFi
0x00007fff49a34000 	/System/Library/Frameworks/CoreBluetooth.framework/Versions/A/CoreBluetooth
0x00007fff5eb51000 	/System/Library/PrivateFrameworks/DebugSymbols.framework/Versions/A/DebugSymbols
0x00007fff5e4c2000 	/System/Library/PrivateFrameworks/CoreSymbolication.framework/Versions/A/CoreSymbolication
0x00007fff70223000 	/System/Library/PrivateFrameworks/Symbolication.framework/Versions/A/Symbolication
0x00007fff6fac6000 	/System/Library/PrivateFrameworks/SpeechRecognitionCore.framework/Versions/A/SpeechRecognitionCore
0x00007fff3e5fc000 	/System/Library/CoreServices/Encodings/libSimplifiedChineseConverter.dylib
0x0000000101a18000 	/Library/Java/JavaVirtualMachines/jdk-10.0.2.jdk/Contents/Home/lib/server/libjvm.dylib
0x00007fff752af000 	/usr/lib/libstdc++.6.dylib
0x0000000102712000 	/Library/Java/JavaVirtualMachines/jdk-10.0.2.jdk/Contents/Home/lib/libverify.dylib
0x000000010271f000 	/Library/Java/JavaVirtualMachines/jdk-10.0.2.jdk/Contents/Home/lib/libjava.dylib
0x000000010276c000 	/Library/Java/JavaVirtualMachines/jdk-10.0.2.jdk/Contents/Home/lib/libjdwp.dylib
0x00000001027a9000 	/Library/Java/JavaVirtualMachines/jdk-10.0.2.jdk/Contents/Home/lib/libinstrument.dylib
0x0000000103040000 	/Library/Java/JavaVirtualMachines/jdk-10.0.2.jdk/Contents/Home/lib/libzip.dylib
0x0000000103048000 	/Library/Java/JavaVirtualMachines/jdk-10.0.2.jdk/Contents/Home/lib/libjimage.dylib
0x00000001236fc000 	/Library/Java/JavaVirtualMachines/jdk-10.0.2.jdk/Contents/Home/lib/libdt_socket.dylib
0x0000000123702000 	/Library/Java/JavaVirtualMachines/jdk-10.0.2.jdk/Contents/Home/lib/libnio.dylib
0x0000000123712000 	/Library/Java/JavaVirtualMachines/jdk-10.0.2.jdk/Contents/Home/lib/./libnet.dylib


VM Arguments:
jvm_args: -agentlib:jdwp=transport=dt_socket,address=127.0.0.1:52238,suspend=y,server=n -javaagent:/Users/user/Library/Caches/IdeaIC2018.2/captureAgent/debugger-agent.jar=file:/private/var/folders/pm/jybzkjn9291_cy84ywn9hphr0000gn/T/capture.props -Dfile.encoding=UTF-8 
java_command: Ans
java_class_path (initial): /Users/user/Desktop/safeguard/out/production/safeguard:/Applications/IntelliJ IDEA CE.app/Contents/lib/idea_rt.jar
Launcher Type: SUN_STANDARD

Logging:
Log output configuration:
#0: stdout all=warning uptime,level,tags
#1: stderr all=off uptime,level,tags

Environment Variables:
JAVA_HOME=/Library/Java/JavaVirtualMachines/jdk1.8.0_144.jdk/Contents/Home
PATH=/Users/user/anaconda3/bin:/Users/user/anaconda3/condabin:/Users/user/anaconda/bin:/usr/local/bin:usr/local/bin:/usr/bin:/bin:/usr/sbin:/sbin:/Users/user/desktop/srilm-1.7.2/bin:/Users/user/desktop/srilm-1.7.2/bin/macosx:/Library/Java/JavaVirtualMachines/jdk1.8.0_144.jdk/Contents/Home/bin
SHELL=/bin/bash

Signal Handlers:
SIGSEGV: [libjvm.dylib+0x7508e4], sa_mask[0]=11111111011111110111111111111111, sa_flags=SA_ONSTACK|SA_RESTART|SA_SIGINFO
SIGBUS: [libjvm.dylib+0x7508e4], sa_mask[0]=11111111011111110111111111111111, sa_flags=SA_RESTART|SA_SIGINFO
SIGFPE: [libjvm.dylib+0x7508e4], sa_mask[0]=11111111011111110111111111111111, sa_flags=SA_RESTART|SA_SIGINFO
SIGPIPE: [libjvm.dylib+0x5f0e60], sa_mask[0]=11111111011111110111111111111111, sa_flags=SA_RESTART|SA_SIGINFO
SIGXFSZ: [libjvm.dylib+0x5f0e60], sa_mask[0]=11111111011111110111111111111111, sa_flags=SA_RESTART|SA_SIGINFO
SIGILL: [libjvm.dylib+0x7508e4], sa_mask[0]=11111111011111110111111111111111, sa_flags=SA_RESTART|SA_SIGINFO
SIGUSR2: [libjvm.dylib+0x5f16f0], sa_mask[0]=00100000000000000000000000000000, sa_flags=SA_RESTART|SA_SIGINFO
SIGHUP: [libjvm.dylib+0x5efedb], sa_mask[0]=11111111011111110111111111111111, sa_flags=SA_RESTART|SA_SIGINFO
SIGINT: [libjvm.dylib+0x5efedb], sa_mask[0]=11111111011111110111111111111111, sa_flags=SA_RESTART|SA_SIGINFO
SIGTERM: [libjvm.dylib+0x5efedb], sa_mask[0]=11111111011111110111111111111111, sa_flags=SA_RESTART|SA_SIGINFO
SIGQUIT: [libjvm.dylib+0x5efedb], sa_mask[0]=11111111011111110111111111111111, sa_flags=SA_RESTART|SA_SIGINFO


---------------  S Y S T E M  ---------------

OS:uname:Darwin 18.7.0 Darwin Kernel Version 18.7.0: Tue Aug 20 16:57:14 PDT 2019; root:xnu-4903.271.2~2/RELEASE_X86_64 x86_64
rlimit: STACK 8192k, CORE 0k, NPROC 709, NOFILE 10240, AS infinity, DATA infinity, FSIZE infinity
load average:9.11 7.70 6.66

CPU:total 4 (initial active 4) (2 cores per cpu, 2 threads per core) family 6 model 69 stepping 1, cmov, cx8, fxsr, mmx, sse, sse2, sse3, ssse3, sse4.1, sse4.2, popcnt, avx, avx2, aes, clmul, erms, lzcnt, ht, tsc, tscinvbit, bmi1, bmi2, fma

Memory: 4k page, physical 8388608k(167140k free)

vm_info: OpenJDK 64-Bit Server VM (10.0.2+13) for bsd-amd64 JRE (10.0.2+13), built on Jun 28 2018 00:57:02 by "mach5one" with gcc 4.2.1 Compatible Apple LLVM 6.1.0 (clang-602.0.49)

END.
